

*******************************************************************************
Thu May  8 11:45:05 2014


FIT:    data read from 'N10000avs9647.08140_undir_w_s_oi.hist' u 1:2
        format = x:z
        x range restricted to [1.00000e+08 : *]
        #datapoints = 14
        residuals are weighted equally (unit weight)

function used for fitting: f(x)
fitted parameters initialized with current variable values



 Iteration 0
 WSSR        : 3.02231e+23       delta(WSSR)/WSSR   : 0
 delta(WSSR) : 0                 limit for stopping : 1e-05
 lambda	  : 1.03894e+11

initial set of free parameter values

a               = 1
b               = 1

After 5 iterations the fit converged.
final sum of squares of residuals : 4.28166e+07
rel. change during last iteration : -1.74012e-16

degrees of freedom    (FIT_NDF)                        : 12
rms of residuals      (FIT_STDFIT) = sqrt(WSSR/ndf)    : 1888.93
variance of residuals (reduced chisquare) = WSSR/ndf   : 3.56805e+06

Final set of parameters            Asymptotic Standard Error
=======================            ==========================

a               = 1.61857e-08      +/- 4.065e-09    (25.12%)
b               = 1                +/- 597.3        (5.973e+04%)


correlation matrix of the fit parameters:

               a      b      
a               1.000 
b              -0.534  1.000 


*******************************************************************************
Thu May  8 11:45:22 2014


FIT:    data read from 'N10000avs9647.08140_undir_w_s_oi.hist' u 1:2
        format = x:z
        x range restricted to [1.00000e+09 : *]
        #datapoints = 10
        residuals are weighted equally (unit weight)

function used for fitting: f(x)
fitted parameters initialized with current variable values



 Iteration 0
 WSSR        : 4.28165e+07       delta(WSSR)/WSSR   : 0
 delta(WSSR) : 0                 limit for stopping : 1e-05
 lambda	  : 1.22929e+11

initial set of free parameter values

a               = 1.61857e-08
b               = 1

After 1 iterations the fit converged.
final sum of squares of residuals : 4.28165e+07
rel. change during last iteration : -3.88847e-12

degrees of freedom    (FIT_NDF)                        : 8
rms of residuals      (FIT_STDFIT) = sqrt(WSSR/ndf)    : 2313.45
variance of residuals (reduced chisquare) = WSSR/ndf   : 5.35207e+06

Final set of parameters            Asymptotic Standard Error
=======================            ==========================

a               = 1.61858e-08      +/- 5.427e-09    (33.53%)
b               = 1                +/- 943.5        (9.435e+04%)


correlation matrix of the fit parameters:

               a      b      
a               1.000 
b              -0.632  1.000 
